<?xml version="1.0" encoding="UTF-8"?>
<testng-results skipped="0" failed="0" total="1" passed="1">
  <reporter-output>
  </reporter-output>
  <suite name="Default suite" duration-ms="12317" started-at="2016-10-02T07:25:49Z" finished-at="2016-10-02T07:26:01Z">
    <groups>
    </groups>
    <test name="Default test" duration-ms="12317" started-at="2016-10-02T07:25:49Z" finished-at="2016-10-02T07:26:01Z">
      <class name="googleTest.GoogleTest">
        <test-method status="PASS" signature="googleTest()[pri:0, instance:googleTest.GoogleTest@cc5819]" name="googleTest" duration-ms="12280" started-at="2016-10-02T12:55:49Z" finished-at="2016-10-02T12:56:01Z">
          <reporter-output>
          </reporter-output>
        </test-method> <!-- googleTest -->
      </class> <!-- googleTest.GoogleTest -->
    </test> <!-- Default test -->
  </suite> <!-- Default suite -->
</testng-results>
